<?xml version="1.0" encoding="UTF-8"?>
<!-- Generated by org.testng.reporters.JUnitReportReporter -->
<testsuite hostname="DESKTOP-6O0AM8N" failures="0" tests="6" name="api.test.DataDrivenTests" time="13.192" errors="0" timestamp="2024-06-18T23:30:14 IST" skipped="0">
  <testcase classname="api.test.DataDrivenTests" name="testPostuser" time="1.537"/>
  <system-out/>
  <testcase classname="api.test.DataDrivenTests" name="testPostuser" time="4.548"/>
  <system-out/>
  <testcase classname="api.test.DataDrivenTests" name="testPostuser" time="2.005"/>
  <system-out/>
  <testcase classname="api.test.DataDrivenTests" name="testDeleteUserByName" time="1.438"/>
  <system-out/>
  <testcase classname="api.test.DataDrivenTests" name="testDeleteUserByName" time="1.638"/>
  <system-out/>
  <testcase classname="api.test.DataDrivenTests" name="testDeleteUserByName" time="2.026"/>
  <system-out/>
</testsuite> <!-- api.test.DataDrivenTests -->
