<?xml version="1.0" encoding="UTF-8"?>
<!-- Generated by org.testng.reporters.JUnitReportReporter -->
<testsuite hostname="DESKTOP-6O0AM8N" failures="0" tests="4" name="api.test.UserTests" time="12.860" errors="0" timestamp="2024-06-18T23:43:25 IST" skipped="0">
  <testcase classname="api.test.UserTests" name="testPostUser" time="3.833"/>
  <system-out/>
  <testcase classname="api.test.UserTests" name="testGetUser" time="1.394"/>
  <system-out/>
  <testcase classname="api.test.UserTests" name="PutUser" time="4.870"/>
  <system-out/>
  <testcase classname="api.test.UserTests" name="testDeleteUser" time="2.763"/>
  <system-out/>
</testsuite> <!-- api.test.UserTests -->
