<?xml version="1.0" encoding="UTF-8"?>
<!-- Generated by org.testng.reporters.JUnitReportReporter -->
<testsuite hostname="DESKTOP-6O0AM8N" failures="0" tests="4" name="api.test.UserTest2" time="10.266" errors="0" timestamp="2024-06-19T00:02:32 IST" skipped="0">
  <testcase classname="api.test.UserTest2" name="testPostUser" time="4.858"/>
  <system-out/>
  <testcase classname="api.test.UserTest2" name="testGetUserByName" time="1.229"/>
  <system-out/>
  <testcase classname="api.test.UserTest2" name="testUpdateUserByName" time="2.910"/>
  <system-out/>
  <testcase classname="api.test.UserTest2" name="testDeleteUserByName" time="1.269"/>
  <system-out/>
</testsuite> <!-- api.test.UserTest2 -->
