<?xml version="1.0" encoding="UTF-8"?>
<!-- Generated by org.testng.reporters.JUnitReportReporter -->
<testsuite hostname="DESKTOP-6O0AM8N" failures="0" tests="4" name="api.test.UserTests" time="14.010" errors="0" timestamp="2024-06-20T10:50:28 IST" skipped="0">
  <testcase classname="api.test.UserTests" name="testPostUser" time="9.297"/>
  <system-out/>
  <testcase classname="api.test.UserTests" name="testGetUser" time="1.209"/>
  <system-out/>
  <testcase classname="api.test.UserTests" name="PutUser" time="2.344"/>
  <system-out/>
  <testcase classname="api.test.UserTests" name="testDeleteUser" time="1.160"/>
  <system-out/>
</testsuite> <!-- api.test.UserTests -->
